\BOOKMARK [1][-]{section.1}{\376\377\000b\000l\000u\000e\000\040\000C\000o\000n\000f\000i\000g\000u\000r\000a\000t\000i\000o\000n\000\040\000d\000e\000\040\000l\000a\000\040\000s\000i\000m\000u\000l\000a\000t\000i\000o\000n\000b\000l\000a\000c\000k}{}% 1
\BOOKMARK [1][-]{section.2}{\376\377\000b\000l\000u\000e\000\040\000D\000e\000s\000c\000r\000i\000p\000t\000i\000o\000n\000\040\000d\000e\000\040\000l\000a\000\040\000g\000\351\000o\000m\000\351\000t\000r\000i\000e\000b\000l\000a\000c\000k}{}% 2
\BOOKMARK [2][-]{subsection.2.1}{\376\377\000b\000l\000u\000e\000V\000u\000e\000\040\000d\000e\000\040\000f\000a\000c\000e\000\040\000d\000e\000s\000\040\000c\000o\000u\000r\000o\000n\000n\000e\000s\000\040\000d\000'\000e\000a\000u\000\040\000\050\000p\000l\000a\000n\000\040\000x\000y\000\051\000b\000l\000a\000c\000k}{section.2}% 3
\BOOKMARK [2][-]{subsection.2.2}{\376\377\000b\000l\000u\000e\000R\000\351\000c\000a\000p\000i\000t\000u\000l\000a\000t\000i\000f\000\040\000d\000e\000s\000\040\000p\000o\000s\000i\000t\000i\000o\000n\000s\000\040\000\050\000a\000x\000e\000\040\000z\000\051\000b\000l\000a\000c\000k}{section.2}% 4
\BOOKMARK [2][-]{subsection.2.3}{\376\377\000b\000l\000u\000e\000V\000i\000s\000u\000a\000l\000i\000s\000a\000t\000i\000o\000n\000\040\000d\000e\000s\000\040\000a\000n\000g\000l\000e\000s\000\040\000s\000o\000l\000i\000d\000e\000s\000b\000l\000a\000c\000k}{section.2}% 5
\BOOKMARK [1][-]{section.3}{\376\377\000b\000l\000u\000e\000\040\000A\000n\000g\000l\000e\000s\000\040\000s\000o\000l\000i\000d\000e\000s\000\040\000e\000t\000\040\000n\000o\000r\000m\000a\000l\000i\000s\000a\000t\000i\000o\000n\000b\000l\000a\000c\000k}{}% 6
\BOOKMARK [2][-]{subsection.3.1}{\376\377\000b\000l\000u\000e\000D\000\351\000f\000i\000n\000i\000t\000i\000o\000n\000\040\000d\000e\000s\000\040\000a\000n\000g\000l\000e\000s\000\040\000s\000o\000l\000i\000d\000e\000s\000b\000l\000a\000c\000k}{section.3}% 7
\BOOKMARK [2][-]{subsection.3.2}{\376\377\000b\000l\000u\000e\000P\000r\000i\000n\000c\000i\000p\000e\000\040\000d\000e\000\040\000l\000a\000\040\000r\000e\000n\000o\000r\000m\000a\000l\000i\000s\000a\000t\000i\000o\000n\000b\000l\000a\000c\000k}{section.3}% 8
\BOOKMARK [2][-]{subsection.3.3}{\376\377\000b\000l\000u\000e\000C\000a\000l\000c\000u\000l\000\040\000d\000u\000\040\000t\000e\000m\000p\000s\000\040\000d\000'\000i\000r\000r\000a\000d\000i\000a\000t\000i\000o\000n\000b\000l\000a\000c\000k}{section.3}% 9
\BOOKMARK [2][-]{subsection.3.4}{\376\377\000b\000l\000u\000e\000F\000o\000r\000m\000u\000l\000e\000s\000\040\000r\000\351\000c\000a\000p\000i\000t\000u\000l\000a\000t\000i\000v\000e\000s\000b\000l\000a\000c\000k}{section.3}% 10
\BOOKMARK [2][-]{subsection.3.5}{\376\377\000b\000l\000u\000e\000I\000m\000p\000l\000\351\000m\000e\000n\000t\000a\000t\000i\000o\000n\000\040\000d\000a\000n\000s\000\040\000l\000e\000\040\000c\000o\000d\000e\000\040\000G\000e\000a\000n\000t\0004\000b\000l\000a\000c\000k}{section.3}% 11
\BOOKMARK [1][-]{section.4}{\376\377\000b\000l\000u\000e\000\040\000S\000t\000r\000u\000c\000t\000u\000r\000e\000\040\000d\000e\000s\000\040\000d\000o\000n\000n\000\351\000e\000s\000\040\000R\000O\000O\000T\000b\000l\000a\000c\000k}{}% 12
\BOOKMARK [2][-]{subsection.4.1}{\376\377\000b\000l\000u\000e\000H\000i\000s\000t\000o\000g\000r\000a\000m\000m\000e\000s\000b\000l\000a\000c\000k}{section.4}% 13
\BOOKMARK [2][-]{subsection.4.2}{\376\377\000b\000l\000u\000e\000N\000t\000u\000p\000l\000e\000s\000b\000l\000a\000c\000k}{section.4}% 14
\BOOKMARK [2][-]{subsection.4.3}{\376\377\000b\000l\000u\000e\000F\000l\000u\000x\000\040\000d\000e\000\040\000d\000o\000n\000n\000\351\000e\000s\000b\000l\000a\000c\000k}{section.4}% 15
\BOOKMARK [2][-]{subsection.4.4}{\376\377\000b\000l\000u\000e\000E\000x\000e\000m\000p\000l\000e\000s\000\040\000d\000'\000a\000n\000a\000l\000y\000s\000e\000\040\000R\000O\000O\000T\000b\000l\000a\000c\000k}{section.4}% 16
\BOOKMARK [1][-]{section.5}{\376\377\000b\000l\000u\000e\000\040\000V\000\351\000r\000i\000f\000i\000c\000a\000t\000i\000o\000n\000\040\000d\000e\000\040\000l\000a\000\040\000c\000o\000h\000\351\000r\000e\000n\000c\000e\000\040\000d\000e\000\040\000l\000a\000\040\000s\000i\000m\000u\000l\000a\000t\000i\000o\000n\000b\000l\000a\000c\000k}{}% 17
\BOOKMARK [2][-]{subsection.5.1}{\376\377\000b\000l\000u\000e\000G\000\351\000n\000\351\000r\000a\000t\000i\000o\000n\000\040\000d\000e\000s\000\040\000G\000a\000m\000m\000a\000s\000\040\000P\000r\000i\000m\000a\000i\000r\000e\000s\000b\000l\000a\000c\000k}{section.5}% 18
\BOOKMARK [2][-]{subsection.5.2}{\376\377\000b\000l\000u\000e\000T\000r\000a\000n\000s\000m\000i\000s\000s\000i\000o\000n\000\040\000\340\000\040\000T\000r\000a\000v\000e\000r\000s\000\040\000l\000e\000\040\000F\000i\000l\000t\000r\000e\000\040\000W\000/\000P\000E\000T\000G\000b\000l\000a\000c\000k}{section.5}% 19
\BOOKMARK [2][-]{subsection.5.3}{\376\377\000b\000l\000u\000e\000B\000i\000l\000a\000n\000\040\000d\000e\000s\000\040\000P\000a\000r\000t\000i\000c\000u\000l\000e\000s\000b\000l\000a\000c\000k}{section.5}% 20
\BOOKMARK [2][-]{subsection.5.4}{\376\377\000b\000l\000u\000e\000D\000o\000s\000e\000\040\000d\000a\000n\000s\000\040\000l\000e\000s\000\040\000A\000n\000n\000e\000a\000u\000x\000\040\000d\000'\000E\000a\000u\000b\000l\000a\000c\000k}{section.5}% 21
\BOOKMARK [2][-]{subsection.5.5}{\376\377\000b\000l\000u\000e\000R\000e\000n\000o\000r\000m\000a\000l\000i\000s\000a\000t\000i\000o\000n\000\040\000T\000e\000m\000p\000o\000r\000e\000l\000l\000e\000b\000l\000a\000c\000k}{section.5}% 22
\BOOKMARK [2][-]{subsection.5.6}{\376\377\000b\000l\000u\000e\000V\000\351\000r\000i\000f\000i\000c\000a\000t\000i\000o\000n\000\040\000d\000e\000\040\000l\000a\000\040\000C\000o\000h\000\351\000r\000e\000n\000c\000e\000\040\000G\000l\000o\000b\000a\000l\000e\000b\000l\000a\000c\000k}{section.5}% 23
\BOOKMARK [1][-]{section.6}{\376\377\000b\000l\000u\000e\000\040\000R\000\351\000s\000u\000l\000t\000a\000t\000s\000\040\000p\000r\000i\000n\000c\000i\000p\000a\000u\000x\000b\000l\000a\000c\000k}{}% 24
\BOOKMARK [2][-]{subsection.6.1}{\376\377\000b\000l\000u\000e\000B\000i\000l\000a\000n\000\040\000d\000e\000s\000\040\000g\000a\000m\000m\000a\000s\000b\000l\000a\000c\000k}{section.6}% 25
\BOOKMARK [2][-]{subsection.6.2}{\376\377\000b\000l\000u\000e\000C\000a\000l\000c\000u\000l\000\040\000d\000e\000s\000\040\000d\000o\000s\000e\000s\000\040\000d\000\351\000p\000o\000s\000\351\000e\000s\000\040\000a\000v\000e\000c\000\040\000l\000e\000\040\000f\000i\000l\000t\000r\000e\000\040\000W\000/\000P\000E\000T\000G\000\040\000d\000e\000\040\0005\000m\000m\000b\000l\000a\000c\000k}{section.6}% 26
\BOOKMARK [1][-]{section.7}{\376\377\000b\000l\000u\000e\000\040\000A\000j\000o\000u\000t\000\040\000d\000e\000\040\000p\000l\000a\000n\000\040\000d\000e\000\040\000c\000o\000m\000p\000t\000a\000g\000e\000\040\000a\000v\000a\000n\000t\000\040\000e\000t\000\040\000a\000p\000r\000\351\000s\000\040\000l\000e\000\040\000c\000o\000n\000t\000a\000i\000n\000e\000r\000\040\000d\000'\000e\000a\000u\000b\000l\000a\000c\000k}{}% 27
\BOOKMARK [2][-]{subsection.7.1}{\376\377\000b\000l\000u\000e\000V\000u\000e\000\040\000e\000n\000\040\000c\000o\000u\000p\000e\000\040\000d\000e\000\040\000l\000a\000\040\000g\000\351\000o\000m\000\351\000t\000r\000i\000e\000b\000l\000a\000c\000k}{section.7}% 28
\BOOKMARK [2][-]{subsection.7.2}{\376\377\000b\000l\000u\000e\000P\000o\000s\000i\000t\000i\000o\000n\000s\000\040\000a\000x\000i\000a\000l\000e\000s\000\040\000d\000e\000s\000\040\000\351\000l\000\351\000m\000e\000n\000t\000s\000\040\000d\000e\000\040\000l\000a\000\040\000g\000\351\000o\000m\000\351\000t\000r\000i\000e\000b\000l\000a\000c\000k}{section.7}% 29
\BOOKMARK [2][-]{subsection.7.3}{\376\377\000b\000l\000u\000e\000C\000a\000r\000a\000c\000t\000\351\000r\000i\000s\000t\000i\000q\000u\000e\000s\000\040\000d\000e\000s\000\040\000p\000l\000a\000n\000s\000\040\000d\000e\000\040\000c\000o\000m\000p\000t\000a\000g\000e\000b\000l\000a\000c\000k}{section.7}% 30
\BOOKMARK [2][-]{subsection.7.4}{\376\377\000b\000l\000u\000e\000N\000o\000u\000v\000e\000a\000u\000x\000\040\000N\000t\000u\000p\000l\000e\000s\000\040\000:\000\040\000P\000r\000e\000C\000o\000n\000t\000a\000i\000n\000e\000r\000\040\000e\000t\000\040\000P\000o\000s\000t\000C\000o\000n\000t\000a\000i\000n\000e\000r\000b\000l\000a\000c\000k}{section.7}% 31
\BOOKMARK [2][-]{subsection.7.5}{\376\377\000b\000l\000u\000e\000S\000c\000h\000\351\000m\000a\000\040\000r\000\351\000c\000a\000p\000i\000t\000u\000l\000a\000t\000i\000f\000\040\000d\000e\000s\000\040\000f\000l\000u\000x\000\040\000d\000e\000\040\000p\000a\000r\000t\000i\000c\000u\000l\000e\000s\000b\000l\000a\000c\000k}{section.7}% 32
\BOOKMARK [2][-]{subsection.7.6}{\376\377\000b\000l\000u\000e\000F\000l\000u\000x\000\040\000d\000e\000\040\000p\000a\000r\000t\000i\000c\000u\000l\000e\000s\000\040\000d\000a\000n\000s\000\040\000l\000e\000s\000\040\000p\000l\000a\000n\000s\000\040\000P\000r\000e\000c\000o\000n\000t\000a\000i\000n\000e\000r\000\040\000e\000t\000\040\000P\000o\000s\000t\000c\000o\000n\000t\000a\000i\000n\000e\000r\000\040\000a\000v\000e\000c\000\040\000l\000e\000\040\000f\000i\000l\000t\000r\000e\000\040\000W\000/\000P\000E\000T\000G\000\040\000d\000e\000\040\0005\000m\000m\000b\000l\000a\000c\000k}{section.7}% 33
\BOOKMARK [2][-]{subsection.7.7}{\376\377\000b\000l\000u\000e\000R\000\351\000s\000u\000l\000t\000a\000t\000s\000\040\000s\000a\000n\000s\000\040\000l\000e\000\040\000f\000i\000l\000t\000r\000e\000\040\000W\000/\000P\000E\000T\000G\000b\000l\000a\000c\000k}{section.7}% 34
\BOOKMARK [1][-]{section.8}{\376\377\000b\000l\000u\000e\000\040\000I\000n\000s\000e\000r\000t\000i\000o\000n\000\040\000d\000'\000u\000n\000e\000\040\000p\000l\000a\000q\000u\000e\000\040\000d\000e\000\040\000P\000M\000M\000A\000\040\000e\000t\000\040\000d\000'\000u\000n\000e\000\040\000f\000e\000u\000i\000l\000l\000e\000\040\000d\000e\000\040\000W\000\040\000p\000o\000u\000r\000\040\000a\000m\000\351\000l\000i\000o\000r\000e\000r\000\040\000l\000e\000\040\000b\000u\000i\000l\000d\000-\000u\000p\000\040\000d\000a\000n\000s\000\040\000l\000'\000e\000a\000u\000b\000l\000a\000c\000k}{}% 35
\BOOKMARK [2][-]{subsection.8.1}{\376\377\000b\000l\000u\000e\000V\000u\000e\000\040\000e\000n\000\040\000c\000o\000u\000p\000e\000\040\000d\000e\000\040\000l\000a\000\040\000g\000\351\000o\000m\000\351\000t\000r\000i\000e\000b\000l\000a\000c\000k}{section.8}% 36
\BOOKMARK [2][-]{subsection.8.2}{\376\377\000b\000l\000u\000e\000R\000\351\000s\000u\000l\000t\000a\000t\000s\000\040\000d\000a\000n\000s\000\040\000l\000e\000\040\000c\000a\000s\000\040\000d\000'\000u\000n\000e\000\040\000c\000o\000n\000f\000i\000g\000u\000r\000a\000t\000i\000o\000n\000\040\000d\000e\000\040\000b\000a\000s\000e\000b\000l\000a\000c\000k}{section.8}% 37
\BOOKMARK [2][-]{subsection.8.3}{\376\377\000b\000l\000u\000e\000D\000\351\000f\000i\000n\000i\000t\000i\000o\000n\000\040\000d\000e\000s\000\040\000o\000b\000s\000e\000r\000v\000a\000b\000l\000e\000s\000b\000l\000a\000c\000k}{section.8}% 38
\BOOKMARK [2][-]{subsection.8.4}{\376\377\000b\000l\000u\000e\000R\000\351\000s\000u\000l\000t\000a\000t\000s\000\040\000p\000o\000u\000r\000\040\000l\000e\000s\000\040\000P\000h\000o\000t\000o\000n\000s\000b\000l\000a\000c\000k}{section.8}% 39
\BOOKMARK [2][-]{subsection.8.5}{\376\377\000b\000l\000u\000e\000R\000\351\000s\000u\000l\000t\000a\000t\000s\000\040\000p\000o\000u\000r\000\040\000l\000e\000s\000\040\000\311\000l\000e\000c\000t\000r\000o\000n\000s\000b\000l\000a\000c\000k}{section.8}% 40
\BOOKMARK [2][-]{subsection.8.6}{\376\377\000b\000l\000u\000e\000R\000\351\000s\000u\000l\000t\000a\000t\000s\000\040\000a\000v\000e\000c\000\040\000l\000'\000a\000c\000t\000i\000v\000a\000t\000i\000o\000n\000\040\000d\000e\000\040\000l\000a\000\040\000f\000e\000u\000i\000l\000l\000e\000\040\000d\000e\000\040\000T\000u\000n\000g\000s\000t\000\351\000n\000e\000b\000l\000a\000c\000k}{section.8}% 41
\BOOKMARK [2][-]{subsection.8.7}{\376\377\000b\000l\000u\000e\000C\000o\000m\000p\000a\000r\000a\000i\000s\000o\000n\000\040\000d\000e\000s\000\040\000p\000h\000o\000t\000o\000n\000s\000b\000l\000a\000c\000k}{section.8}% 42
\BOOKMARK [2][-]{subsection.8.8}{\376\377\000b\000l\000u\000e\000C\000o\000m\000p\000a\000r\000a\000i\000s\000o\000n\000\040\000d\000e\000s\000\040\000\351\000l\000e\000c\000t\000r\000o\000n\000s\000b\000l\000a\000c\000k}{section.8}% 43
\BOOKMARK [2][-]{subsection.8.9}{\376\377\000b\000l\000u\000e\000R\000\351\000s\000u\000l\000t\000a\000t\000s\000\040\000a\000v\000e\000c\000\040\000l\000'\000a\000c\000t\000i\000v\000a\000t\000i\000o\000n\000\040\000d\000e\000\040\000l\000a\000\040\000f\000e\000u\000i\000l\000l\000e\000\040\000d\000e\000\040\000T\000u\000n\000g\000s\000t\000\351\000n\000e\000\040\000e\000t\000\040\000d\000u\000\040\000P\000M\000M\000A\000b\000l\000a\000c\000k}{section.8}% 44
\BOOKMARK [2][-]{subsection.8.10}{\376\377\000b\000l\000u\000e\000E\000f\000f\000e\000t\000\040\000d\000u\000\040\000P\000M\000M\000A\000\040\000s\000u\000r\000\040\000l\000e\000\040\000P\000r\000e\000C\000o\000n\000t\000a\000i\000n\000e\000r\000P\000l\000a\000n\000e\000b\000l\000a\000c\000k}{section.8}% 45
\BOOKMARK [2][-]{subsection.8.11}{\376\377\000b\000l\000u\000e\000E\000f\000f\000e\000t\000\040\000d\000u\000\040\000P\000M\000M\000A\000\040\000s\000u\000r\000\040\000l\000e\000\040\000P\000o\000s\000t\000C\000o\000n\000t\000a\000i\000n\000e\000r\000P\000l\000a\000n\000e\000b\000l\000a\000c\000k}{section.8}% 46
\BOOKMARK [2][-]{subsection.8.12}{\376\377\000b\000l\000u\000e\000A\000n\000a\000l\000y\000s\000e\000\040\000d\000e\000s\000\040\000f\000i\000g\000u\000r\000e\000s\000b\000l\000a\000c\000k}{section.8}% 47
\BOOKMARK [1][-]{section.9}{\376\377\000b\000l\000u\000e\000\040\000R\000\351\000s\000u\000l\000t\000a\000t\000s\000\040\000a\000v\000e\000c\000\040\000l\000a\000\040\000c\000o\000n\000f\000i\000g\000u\000r\000a\000t\000i\000o\000n\000\040\000c\000o\000m\000p\000l\000\351\000t\000e\000\040\000\050\000e\000a\000u\000+\000W\000+\000P\000M\000M\000A\000b\000l\000a\000c\000k}{}% 48
\BOOKMARK [2][-]{subsection.9.1}{\376\377\000b\000l\000u\000e\000A\000n\000a\000l\000y\000s\000e\000\040\000d\000e\000s\000\040\000f\000l\000u\000x\000\040\000d\000e\000\040\000p\000a\000r\000t\000i\000c\000u\000l\000e\000s\000\040\000a\000u\000x\000\040\000i\000n\000t\000e\000r\000f\000a\000c\000e\000s\000b\000l\000a\000c\000k}{section.9}% 49
\BOOKMARK [2][-]{subsection.9.2}{\376\377\000b\000l\000u\000e\000D\000o\000s\000e\000\040\000d\000\351\000p\000o\000s\000\351\000e\000\040\000p\000a\000r\000\040\000a\000n\000n\000e\000a\000u\000b\000l\000a\000c\000k}{section.9}% 50
\BOOKMARK [1][-]{section.10}{\376\377\000b\000l\000u\000e\000\040\000C\000o\000n\000c\000l\000u\000s\000i\000o\000n\000s\000\040\000a\000v\000e\000c\000\040\000l\000a\000\040\000c\000o\000n\000f\000i\000g\000u\000r\000a\000t\000i\000o\000n\000\040\000c\000o\000m\000p\000l\000\351\000t\000e\000b\000l\000a\000c\000k}{}% 51
\BOOKMARK [1][-]{section.11}{\376\377\000b\000l\000u\000e\000\040\000C\000h\000a\000n\000g\000e\000m\000e\000n\000t\000\040\000d\000e\000\040\000p\000o\000s\000i\000t\000i\000o\000n\000\040\000d\000e\000\040\000l\000a\000\040\000s\000o\000u\000r\000c\000e\000\040\000z\000=\0002\0000\000m\000m\000\040\000\340\000\040\000z\000=\0006\0000\000m\000m\000b\000l\000a\000c\000k}{}% 52
\BOOKMARK [2][-]{subsection.11.1}{\376\377\000b\000l\000u\000e\000N\000o\000u\000v\000e\000l\000l\000e\000\040\000G\000\351\000o\000m\000e\000t\000r\000i\000e\000b\000l\000a\000c\000k}{section.11}% 53
\BOOKMARK [2][-]{subsection.11.2}{\376\377\000b\000l\000u\000e\000A\000n\000a\000l\000y\000s\000e\000\040\000d\000e\000\040\000l\000a\000\040\000g\000\351\000n\000\351\000r\000a\000t\000i\000o\000n\000\040\000d\000e\000s\000\040\000\351\000v\000\351\000n\000e\000m\000e\000n\000t\000s\000b\000l\000a\000c\000k}{section.11}% 54
\BOOKMARK [2][-]{subsection.11.3}{\376\377\000b\000l\000u\000e\000A\000n\000g\000l\000e\000\040\000S\000o\000l\000i\000d\000e\000b\000l\000a\000c\000k}{section.11}% 55
\BOOKMARK [2][-]{subsection.11.4}{\376\377\000b\000l\000u\000e\000R\000e\000n\000o\000r\000m\000a\000l\000i\000s\000a\000t\000i\000o\000n\000b\000l\000a\000c\000k}{section.11}% 56
\BOOKMARK [2][-]{subsection.11.5}{\376\377\000b\000l\000u\000e\000R\000e\000l\000a\000t\000i\000o\000n\000s\000\040\000a\000c\000t\000i\000v\000i\000t\000\351\040\023\000t\000e\000m\000p\000s\000\040\000d\000'\000i\000r\000r\000a\000d\000i\000a\000t\000i\000o\000n\000b\000l\000a\000c\000k}{section.11}% 57
